Removed Pin From Net: NetName=GND Pin=C3-1
Removed Pin From Net: NetName=GND Pin=C9-2
Removed Pin From Net: NetName=GND Pin=D1-2
Removed Pin From Net: NetName=GND Pin=D4-2
Removed Pin From Net: NetName=GND Pin=D6-1
Removed Pin From Net: NetName=GND Pin=P1-1
Removed Pin From Net: NetName=VCC Pin=P1-2
Removed Pin From Net: NetName=GND Pin=P2-1
Removed Pin From Net: NetName=+5 Pin=P2-2
Removed Pin From Net: NetName=GND Pin=R3-1
Removed Pin From Net: NetName=GND Pin=R4-1
Removed Pin From Net: NetName=GND Pin=R15-2
Removed Pin From Net: NetName=GND Pin=U1-2
Removed Pin From Net: NetName=GND Pin=U2-3
Change Component Comment : Designator=P2 Old Comment=AlimentaçãoVoltimetro New Comment=Voltimetro
Change Component Comment : Designator=P3 Old Comment=Header 3 New Comment=Transistor
Added Pin To Net: NetName=VCC Pin=P1-1
Added Pin To Net: NetName=+5 Pin=P2-1
Change Net Name : Old Net Name=GND New Net Name=GNDX
Added Pin To Net: NetName=GND Pin=C3-1
Added Pin To Net: NetName=GND Pin=C9-2
Added Pin To Net: NetName=GND Pin=D1-2
Added Pin To Net: NetName=GND Pin=D4-2
Added Pin To Net: NetName=GND Pin=D6-1
Added Pin To Net: NetName=GND Pin=P1-2
Added Pin To Net: NetName=GND Pin=P2-2
Added Pin To Net: NetName=GND Pin=R3-1
Added Pin To Net: NetName=GND Pin=R4-1
Added Pin To Net: NetName=GND Pin=R15-2
Added Pin To Net: NetName=GND Pin=U1-2
Added Pin To Net: NetName=GND Pin=U2-3
Added Net: Name=GND
Added Room: Name=EsquematicoFonte
